Flow report for EE446_PROJECT
Wed Jun 14 00:06:56 2023
Quartus II 64-Bit Version 13.1.0 Build 162 10/23/2013 SJ Web Edition


---------------------
; Table of Contents ;
---------------------
  1. Legal Notice
  2. Flow Summary
  3. Flow Settings
  4. Flow Non-Default Global Settings
  5. Flow Elapsed Time
  6. Flow OS Summary
  7. Flow Log
  8. Flow Messages
  9. Flow Suppressed Messages



----------------
; Legal Notice ;
----------------
Copyright (C) 1991-2013 Altera Corporation
Your use of Altera Corporation's design tools, logic functions 
and other software and tools, and its AMPP partner logic 
functions, and any output files from any of the foregoing 
(including device programming or simulation files), and any 
associated documentation or information are expressly subject 
to the terms and conditions of the Altera Program License 
Subscription Agreement, Altera MegaCore Function License 
Agreement, or other applicable license agreement, including, 
without limitation, that your use is for the sole purpose of 
programming logic devices manufactured by Altera and sold by 
Altera or its authorized distributors.  Please refer to the 
applicable agreement for further details.



+------------------------------------------------------------------------------+
; Flow Summary                                                                 ;
+---------------------------------+--------------------------------------------+
; Flow Status                     ; Successful - Wed Jun 14 00:06:56 2023      ;
; Quartus II 64-Bit Version       ; 13.1.0 Build 162 10/23/2013 SJ Web Edition ;
; Revision Name                   ; EE446_PROJECT                              ;
; Top-level Entity Name           ; topmodule                                  ;
; Family                          ; Cyclone V                                  ;
; Device                          ; 5CSEMA5F31C6                               ;
; Timing Models                   ; Preliminary                                ;
; Logic utilization (in ALMs)     ; N/A                                        ;
; Total registers                 ; 1087                                       ;
; Total pins                      ; 309                                        ;
; Total virtual pins              ; 0                                          ;
; Total block memory bits         ; 0                                          ;
; Total DSP Blocks                ; 0                                          ;
; Total HSSI RX PCSs              ; 0                                          ;
; Total HSSI PMA RX Deserializers ; 0                                          ;
; Total HSSI TX PCSs              ; 0                                          ;
; Total HSSI TX Channels          ; 0                                          ;
; Total PLLs                      ; 0                                          ;
; Total DLLs                      ; 0                                          ;
+---------------------------------+--------------------------------------------+


+-----------------------------------------+
; Flow Settings                           ;
+-------------------+---------------------+
; Option            ; Setting             ;
+-------------------+---------------------+
; Start date & time ; 06/14/2023 00:03:45 ;
; Main task         ; Compilation         ;
; Revision Name     ; EE446_PROJECT       ;
+-------------------+---------------------+


+----------------------------------------------------------------------------------------------------------------------------------------------------------------------------------------------------------------------------------------------+
; Flow Non-Default Global Settings                                                                                                                                                                                                             ;
+-------------------------------------+--------------------------------------------------------------------------------------------------------------------------------------+---------------+-------------+-----------------------------------+
; Assignment Name                     ; Value                                                                                                                                ; Default Value ; Entity Name ; Section Id                        ;
+-------------------------------------+--------------------------------------------------------------------------------------------------------------------------------------+---------------+-------------+-----------------------------------+
; COMPILER_SIGNATURE_ID               ; 88491861879710.168669022511364                                                                                                       ; --            ; --          ; --                                ;
; EDA_GENERATE_FUNCTIONAL_NETLIST     ; On                                                                                                                                   ; --            ; --          ; eda_simulation                    ;
; EDA_GENERATE_FUNCTIONAL_NETLIST     ; Off                                                                                                                                  ; --            ; --          ; eda_board_design_timing           ;
; EDA_GENERATE_FUNCTIONAL_NETLIST     ; Off                                                                                                                                  ; --            ; --          ; eda_board_design_symbol           ;
; EDA_GENERATE_FUNCTIONAL_NETLIST     ; Off                                                                                                                                  ; --            ; --          ; eda_board_design_signal_integrity ;
; EDA_GENERATE_FUNCTIONAL_NETLIST     ; Off                                                                                                                                  ; --            ; --          ; eda_board_design_boundary_scan    ;
; EDA_NETLIST_WRITER_OUTPUT_DIR       ; C:/Users/Melike/Documents/GitHub/Laboratory-Project---Pipelined-Processor-with-Hazard-Unit-and-Branch-Predictor/hdl/simulation/qsim/ ; --            ; --          ; eda_simulation                    ;
; EDA_OUTPUT_DATA_FORMAT              ; Verilog Hdl                                                                                                                          ; --            ; --          ; eda_simulation                    ;
; EDA_SIMULATION_TOOL                 ; ModelSim-Altera (Verilog)                                                                                                            ; <None>        ; --          ; --                                ;
; EDA_TIME_SCALE                      ; 1 ps                                                                                                                                 ; --            ; --          ; eda_simulation                    ;
; MAX_CORE_JUNCTION_TEMP              ; 85                                                                                                                                   ; --            ; --          ; --                                ;
; MIN_CORE_JUNCTION_TEMP              ; 0                                                                                                                                    ; --            ; --          ; --                                ;
; PARTITION_COLOR                     ; 16764057                                                                                                                             ; --            ; topmodule   ; Top                               ;
; PARTITION_FITTER_PRESERVATION_LEVEL ; PLACEMENT_AND_ROUTING                                                                                                                ; --            ; topmodule   ; Top                               ;
; PARTITION_NETLIST_TYPE              ; SOURCE                                                                                                                               ; --            ; topmodule   ; Top                               ;
; POWER_BOARD_THERMAL_MODEL           ; None (CONSERVATIVE)                                                                                                                  ; --            ; --          ; --                                ;
; POWER_PRESET_COOLING_SOLUTION       ; 23 MM HEAT SINK WITH 200 LFPM AIRFLOW                                                                                                ; --            ; --          ; --                                ;
; PROJECT_OUTPUT_DIRECTORY            ; output_files                                                                                                                         ; --            ; --          ; --                                ;
; TOP_LEVEL_ENTITY                    ; topmodule                                                                                                                            ; EE446_PROJECT ; --          ; --                                ;
+-------------------------------------+--------------------------------------------------------------------------------------------------------------------------------------+---------------+-------------+-----------------------------------+


+--------------------------------------------------------------------------------------------------------------------------+
; Flow Elapsed Time                                                                                                        ;
+----------------------+--------------+-------------------------+---------------------+------------------------------------+
; Module Name          ; Elapsed Time ; Average Processors Used ; Peak Virtual Memory ; Total CPU Time (on all processors) ;
+----------------------+--------------+-------------------------+---------------------+------------------------------------+
; Analysis & Synthesis ; 00:00:08     ; 1.0                     ; 4687 MB             ; 00:00:08                           ;
; EDA Netlist Writer   ; 00:00:00     ; 1.0                     ; 4611 MB             ; 00:00:01                           ;
; EDA Netlist Writer   ; 00:00:02     ; 1.0                     ; 4621 MB             ; 00:00:02                           ;
; EDA Netlist Writer   ; 00:00:01     ; 1.0                     ; 4605 MB             ; 00:00:01                           ;
; EDA Netlist Writer   ; 00:00:01     ; 1.0                     ; 4621 MB             ; 00:00:02                           ;
; EDA Netlist Writer   ; 00:00:01     ; 1.0                     ; 4605 MB             ; 00:00:01                           ;
; EDA Netlist Writer   ; 00:00:02     ; 1.0                     ; 4621 MB             ; 00:00:02                           ;
; Total                ; 00:00:15     ; --                      ; --                  ; 00:00:17                           ;
+----------------------+--------------+-------------------------+---------------------+------------------------------------+


+-----------------------------------------------------------------------------------+
; Flow OS Summary                                                                   ;
+----------------------+------------------+-----------+------------+----------------+
; Module Name          ; Machine Hostname ; OS Name   ; OS Version ; Processor type ;
+----------------------+------------------+-----------+------------+----------------+
; Analysis & Synthesis ; DESKTOP-R8MKHO8  ; Windows 7 ; 6.2        ; x86_64         ;
; EDA Netlist Writer   ; DESKTOP-R8MKHO8  ; Windows 7 ; 6.2        ; x86_64         ;
; EDA Netlist Writer   ; DESKTOP-R8MKHO8  ; Windows 7 ; 6.2        ; x86_64         ;
; EDA Netlist Writer   ; DESKTOP-R8MKHO8  ; Windows 7 ; 6.2        ; x86_64         ;
; EDA Netlist Writer   ; DESKTOP-R8MKHO8  ; Windows 7 ; 6.2        ; x86_64         ;
; EDA Netlist Writer   ; DESKTOP-R8MKHO8  ; Windows 7 ; 6.2        ; x86_64         ;
; EDA Netlist Writer   ; DESKTOP-R8MKHO8  ; Windows 7 ; 6.2        ; x86_64         ;
+----------------------+------------------+-----------+------------+----------------+


------------
; Flow Log ;
------------
quartus_map --read_settings_files=on --write_settings_files=off EE446_PROJECT -c EE446_PROJECT
quartus_eda --gen_testbench --check_outputs=on --tool=modelsim_oem --format=verilog EE446_PROJECT -c EE446_PROJECT --vector_source=C:/Users/Melike/Documents/GitHub/Laboratory-Project---Pipelined-Processor-with-Hazard-Unit-and-Branch-Predictor/hdl/hazard_test.vwf --testbench_file=C:/Users/Melike/Documents/GitHub/Laboratory-Project---Pipelined-Processor-with-Hazard-Unit-and-Branch-Predictor/hdl/simulation/qsim/hazard_test.vwf.vt
quartus_eda --functional=on --flatten_buses=off --simulation=on --tool=modelsim_oem --format=verilog --output_directory=C:/Users/Melike/Documents/GitHub/Laboratory-Project---Pipelined-Processor-with-Hazard-Unit-and-Branch-Predictor/hdl/simulation/qsim/ EE446_PROJECT -c EE446_PROJECT
quartus_eda --gen_testbench --check_outputs=on --tool=modelsim_oem --format=verilog EE446_PROJECT -c EE446_PROJECT --vector_source=C:/Users/Melike/Documents/GitHub/Laboratory-Project---Pipelined-Processor-with-Hazard-Unit-and-Branch-Predictor/hdl/hazard_test.vwf --testbench_file=C:/Users/Melike/Documents/GitHub/Laboratory-Project---Pipelined-Processor-with-Hazard-Unit-and-Branch-Predictor/hdl/simulation/qsim/hazard_test.vwf.vt
quartus_eda --functional=on --flatten_buses=off --simulation=on --tool=modelsim_oem --format=verilog --output_directory=C:/Users/Melike/Documents/GitHub/Laboratory-Project---Pipelined-Processor-with-Hazard-Unit-and-Branch-Predictor/hdl/simulation/qsim/ EE446_PROJECT -c EE446_PROJECT
quartus_eda --gen_testbench --check_outputs=on --tool=modelsim_oem --format=verilog EE446_PROJECT -c EE446_PROJECT --vector_source=C:/Users/Melike/Documents/GitHub/Laboratory-Project---Pipelined-Processor-with-Hazard-Unit-and-Branch-Predictor/hdl/hazard_test.vwf --testbench_file=C:/Users/Melike/Documents/GitHub/Laboratory-Project---Pipelined-Processor-with-Hazard-Unit-and-Branch-Predictor/hdl/simulation/qsim/hazard_test.vwf.vt
quartus_eda --functional=on --flatten_buses=off --simulation=on --tool=modelsim_oem --format=verilog --output_directory=C:/Users/Melike/Documents/GitHub/Laboratory-Project---Pipelined-Processor-with-Hazard-Unit-and-Branch-Predictor/hdl/simulation/qsim/ EE446_PROJECT -c EE446_PROJECT



